<?xml version="1.0" encoding="UTF-8"?>
<testng-results ignored="2" total="3" passed="0" failed="1" skipped="0">
  <reporter-output>
  </reporter-output>
  <suite started-at="2021-03-10T20:26:27 ART" name="Default suite" finished-at="2021-03-10T20:26:37 ART" duration-ms="9326">
    <groups>
    </groups>
    <test started-at="2021-03-10T20:26:27 ART" name="Default test" finished-at="2021-03-10T20:26:37 ART" duration-ms="9326">
      <class name="pruebas.Clase5_E1">
        <test-method is-config="true" signature="setUp()[pri:0, instance:pruebas.Clase5_E1@6d2a209c]" started-at="2021-03-10T20:26:25 ART" name="setUp" finished-at="2021-03-10T20:26:27 ART" duration-ms="2360" status="PASS">
          <reporter-output>
          </reporter-output>
        </test-method> <!-- setUp -->
        <test-method is-config="true" signature="irURL()[pri:0, instance:pruebas.Clase5_E1@6d2a209c]" started-at="2021-03-10T20:26:27 ART" name="irURL" finished-at="2021-03-10T20:26:36 ART" duration-ms="8775" status="PASS">
          <reporter-output>
          </reporter-output>
        </test-method> <!-- irURL -->
        <test-method is-config="true" signature="maxVentana()[pri:0, instance:pruebas.Clase5_E1@6d2a209c]" started-at="2021-03-10T20:26:36 ART" name="maxVentana" finished-at="2021-03-10T20:26:37 ART" duration-ms="508" status="PASS">
          <reporter-output>
          </reporter-output>
        </test-method> <!-- maxVentana -->
        <test-method signature="login(java.lang.String, java.lang.String)[pri:0, instance:pruebas.Clase5_E1@6d2a209c]" started-at="2021-03-10T20:26:37 ART" name="login" data-provider="Datos Login" finished-at="2021-03-10T20:26:37 ART" duration-ms="0" status="FAIL">
          <exception class="org.testng.TestNGException">
            <message>
              <![CDATA[
Method public void pruebas.Clase5_E1.login(java.lang.String,java.lang.String) requires a @DataProvider named : Datos Login]]>
            </message>
            <full-stacktrace>
              <![CDATA[org.testng.TestNGException: 
Method public void pruebas.Clase5_E1.login(java.lang.String,java.lang.String) requires a @DataProvider named : Datos Login
at org.testng.internal.Parameters.findDataProvider(Parameters.java:559)
at org.testng.internal.Parameters.handleParameters(Parameters.java:772)
at org.testng.internal.Parameters.handleParameters(Parameters.java:740)
at org.testng.internal.ParameterHandler.handleParameters(ParameterHandler.java:59)
at org.testng.internal.ParameterHandler.createParameters(ParameterHandler.java:38)
at org.testng.internal.TestInvoker$MethodInvocationAgent.invoke(TestInvoker.java:789)
at org.testng.internal.TestInvoker.invokeTestMethods(TestInvoker.java:147)
at org.testng.internal.TestMethodWorker.invokeTestMethods(TestMethodWorker.java:146)
at org.testng.internal.TestMethodWorker.run(TestMethodWorker.java:128)
at java.base/java.util.ArrayList.forEach(ArrayList.java:1540)
at org.testng.TestRunner.privateRun(TestRunner.java:764)
at org.testng.TestRunner.run(TestRunner.java:585)
at org.testng.SuiteRunner.runTest(SuiteRunner.java:384)
at org.testng.SuiteRunner.runSequentially(SuiteRunner.java:378)
at org.testng.SuiteRunner.privateRun(SuiteRunner.java:337)
at org.testng.SuiteRunner.run(SuiteRunner.java:286)
at org.testng.SuiteRunnerWorker.runSuite(SuiteRunnerWorker.java:53)
at org.testng.SuiteRunnerWorker.run(SuiteRunnerWorker.java:96)
at org.testng.TestNG.runSuitesSequentially(TestNG.java:1218)
at org.testng.TestNG.runSuitesLocally(TestNG.java:1140)
at org.testng.TestNG.runSuites(TestNG.java:1069)
at org.testng.TestNG.run(TestNG.java:1037)
at org.testng.remote.AbstractRemoteTestNG.run(AbstractRemoteTestNG.java:115)
at org.testng.remote.RemoteTestNG.initAndRun(RemoteTestNG.java:251)
at org.testng.remote.RemoteTestNG.main(RemoteTestNG.java:77)
]]>
            </full-stacktrace>
          </exception> <!-- org.testng.TestNGException -->
          <reporter-output>
          </reporter-output>
        </test-method> <!-- login -->
        <test-method is-config="true" signature="finPrueba()[pri:0, instance:pruebas.Clase5_E1@6d2a209c]" started-at="2021-03-10T20:26:37 ART" name="finPrueba" finished-at="2021-03-10T20:26:37 ART" duration-ms="1" status="PASS">
          <reporter-output>
          </reporter-output>
        </test-method> <!-- finPrueba -->
        <test-method is-config="true" signature="cierre()[pri:0, instance:pruebas.Clase5_E1@6d2a209c]" started-at="2021-03-10T20:26:37 ART" name="cierre" finished-at="2021-03-10T20:26:37 ART" duration-ms="1" status="PASS">
          <reporter-output>
          </reporter-output>
        </test-method> <!-- cierre -->
        <test-method is-config="true" signature="finSuitePruebas()[pri:0, instance:pruebas.Clase5_E1@6d2a209c]" started-at="2021-03-10T20:26:37 ART" name="finSuitePruebas" finished-at="2021-03-10T20:26:37 ART" duration-ms="1" status="PASS">
          <reporter-output>
          </reporter-output>
        </test-method> <!-- finSuitePruebas -->
      </class> <!-- pruebas.Clase5_E1 -->
    </test> <!-- Default test -->
  </suite> <!-- Default suite -->
</testng-results>
